d:\uni\year 2\software development and implementation\coursework\deliverables\3\src\sdi_coursework\x64\debug\vc143.pdb
d:\uni\year 2\software development and implementation\coursework\deliverables\3\src\sdi_coursework\x64\debug\vc143.idb
d:\uni\year 2\software development and implementation\coursework\deliverables\3\src\sdi_coursework\x64\debug\user.obj
d:\uni\year 2\software development and implementation\coursework\deliverables\3\src\sdi_coursework\x64\debug\transportcompany.obj
d:\uni\year 2\software development and implementation\coursework\deliverables\3\src\sdi_coursework\x64\debug\sdicoursework.obj
d:\uni\year 2\software development and implementation\coursework\deliverables\3\src\sdi_coursework\x64\debug\order.obj
d:\uni\year 2\software development and implementation\coursework\deliverables\3\src\sdi_coursework\x64\debug\lorries.obj
d:\uni\year 2\software development and implementation\coursework\deliverables\3\src\sdi_coursework\x64\debug\hashpassword.obj
d:\uni\year 2\software development and implementation\coursework\deliverables\3\src\sdi_coursework\x64\debug\driver.obj
d:\uni\year 2\software development and implementation\coursework\deliverables\3\src\sdi_coursework\x64\debug\cities.obj
d:\uni\year 2\software development and implementation\coursework\deliverables\3\src\sdi_coursework\x64\debug\cargoowner.obj
d:\uni\year 2\software development and implementation\coursework\deliverables\3\src\sdi_coursework\x64\debug\cargo.obj
d:\uni\year 2\software development and implementation\coursework\deliverables\3\src\sdi_coursework\x64\debug\sqlite3.obj
d:\uni\year 2\software development and implementation\coursework\deliverables\3\src\sdi_coursework\x64\debug\sdi_coursework.exe
d:\uni\year 2\software development and implementation\coursework\deliverables\3\src\sdi_coursework\x64\debug\sdi_coursework.ilk
d:\uni\year 2\software development and implementation\coursework\deliverables\3\src\sdi_coursework\x64\debug\sdi_coursework.pdb
d:\uni\year 2\software development and implementation\coursework\deliverables\3\src\sdi_coursework\x64\debug\sdi_coursework.tlog\cl.command.1.tlog
d:\uni\year 2\software development and implementation\coursework\deliverables\3\src\sdi_coursework\x64\debug\sdi_coursework.tlog\cl.read.1.tlog
d:\uni\year 2\software development and implementation\coursework\deliverables\3\src\sdi_coursework\x64\debug\sdi_coursework.tlog\cl.write.1.tlog
d:\uni\year 2\software development and implementation\coursework\deliverables\3\src\sdi_coursework\x64\debug\sdi_coursework.tlog\link.command.1.tlog
d:\uni\year 2\software development and implementation\coursework\deliverables\3\src\sdi_coursework\x64\debug\sdi_coursework.tlog\link.read.1.tlog
d:\uni\year 2\software development and implementation\coursework\deliverables\3\src\sdi_coursework\x64\debug\sdi_coursework.tlog\link.write.1.tlog
